<?xml version="1.0" encoding="UTF-8"?>
<!-- Generated by org.testng.reporters.JUnitXMLReporter -->
<testsuite ignored="0" hostname="LAPTOP-QMK202VJ" failures="0" tests="5" name="Default test" time="37.651" errors="0" timestamp="2022-06-13T12:50:43 IST">
  <testcase classname="TestCase.Selection_Dropdown" name="Choose_any_value_from_the_dropdown_list" time="4.936"/>
  <testcase classname="TestCase.Selection_Dropdown" name="PeopleNameWithOnlyBlueColor" time="2.856"/>
  <testcase classname="TestCase.Selection_Dropdown" name="returns_integer_after_division_by_2" time="2.122"/>
  <testcase classname="TestCase.Selection_Dropdown" name="Create_list_of_peoplenames_with_Blue_text_in_the_Color_column" time="2.539"/>
  <testcase classname="TestCase.Selection_Dropdown" name="CombinationOf2AND4" time="2.382"/>
</testsuite> <!-- Default test -->
